sample.interval=20000
"tryCatch" "withCallingHandlers" ".rs.callAs" "Rprof" 
"vapply" "model.frame.default" "stats::model.frame" "eval" "eval" "lm" 
"getInlineInfo" "tryInline" "cmpCall" "cmp" "h" "tryInline" "cmpCall" "cmp" "h" "tryInline" "cmpCall" "cmp" "genCode" "h" "tryInline" "cmpCall" "cmp" "genCode" "cb$putconst" "cmpCallArgs" "cmpCallSymFun" "cmpCall" "cmp" "cmpSymbolAssign" "h" "tryInline" "cmpCall" "cmp" "h" "tryInline" "cmpCall" "cmp" "genCode" "cmpfun" "doTryCatch" "tryCatchOne" "tryCatchList" "tryCatch" "compiler:::tryCmpfun" ".rs.recordTraceback" "<Anonymous>" "eval" "eval" "model.frame.default" "stats::model.frame" "eval" "eval" "lm" 
"tryInline" "cmpCall" "cmp" "cmpSymbolAssign" "h" "tryInline" "cmpCall" "cmp" "h" "tryInline" "cmpCall" "cmp" "h" "tryInline" "cmpCall" "cmp" "h" "tryInline" "cmpCall" "cmp" "genCode" "cmpfun" "doTryCatch" "tryCatchOne" "tryCatchList" "tryCatch" "compiler:::tryCmpfun" ".rs.recordTraceback" "<Anonymous>" "eval" "eval" "model.frame.default" "stats::model.frame" "eval" "eval" "lm" 
"FUN" "lapply" "doTryCatch" "tryCatchOne" "tryCatchList" "tryCatch" "try" "utils:::packageDescription" "package_version" ".rs.getPackageVersion" ".rs.isPackageVersionInstalled" 
"gzfile" "readRDS" "loadNamespace" "<Anonymous>" ".rs.assembleDataImport" "doTryCatch" "tryCatchOne" "tryCatchList" "tryCatch" ".rs.rpc.assemble_data_import" 
"readRDS" "doTryCatch" "tryCatchOne" "tryCatchList" "tryCatch" "FUN" "lapply" "find.package" "loadNamespace" "asNamespace" "namespaceImportFrom" "loadNamespace" "<Anonymous>" ".rs.assembleDataImport" "doTryCatch" "tryCatchOne" "tryCatchList" "tryCatch" ".rs.rpc.assemble_data_import" 
"file" "parse" "sys.source" "doTryCatch" "tryCatchOne" "tryCatchList" "tryCatch" "try" "loadNamespace" "namespaceImport" "loadNamespace" "asNamespace" "namespaceImportFrom" "loadNamespace" "<Anonymous>" ".rs.assembleDataImport" "doTryCatch" "tryCatchOne" "tryCatchList" "tryCatch" ".rs.rpc.assemble_data_import" 
"inDL" "dyn.load" "library.dynam" "loadNamespace" "namespaceImport" "loadNamespace" "asNamespace" "namespaceImportFrom" "loadNamespace" "<Anonymous>" ".rs.assembleDataImport" "doTryCatch" "tryCatchOne" "tryCatchList" "tryCatch" ".rs.rpc.assemble_data_import" 
"paste0" "FUN" "lapply" "FUN" "lapply" "assignNativeRoutines" "loadNamespace" "namespaceImport" "loadNamespace" "asNamespace" "namespaceImportFrom" "loadNamespace" "<Anonymous>" ".rs.assembleDataImport" "doTryCatch" "tryCatchOne" "tryCatchList" "tryCatch" ".rs.rpc.assemble_data_import" 
"paste0" "file.exists" "loadNamespace" "doTryCatch" "tryCatchOne" "tryCatchList" "tryCatch" "requireNamespace" "<Anonymous>" "mapply" "do.call" "pmap" "enexpr" "inject" "list_c" "detect_installed" "is_installed" "ns_exports_has" "eval" "eval" "eval" "eval" "eval.parent" "local" "callback" "run_on_load" "fun" "doTryCatch" "tryCatchOne" "tryCatchList" "tryCatch" "runHook" "loadNamespace" "namespaceImport" "loadNamespace" "asNamespace" "namespaceImportFrom" "loadNamespace" "<Anonymous>" ".rs.assembleDataImport" "doTryCatch" "tryCatchOne" "tryCatchList" "tryCatch" ".rs.rpc.assemble_data_import" 
"FUN" "lapply" "unlist" ".getGenerics" "methods::cacheMetaData" "loadNamespace" "doTryCatch" "tryCatchOne" "tryCatchList" "tryCatch" "requireNamespace" "<Anonymous>" "mapply" "do.call" "pmap" "enexpr" "inject" "list_c" "detect_installed" "is_installed" "ns_exports_has" "eval" "eval" "eval" "eval" "eval.parent" "local" "callback" "run_on_load" "fun" "doTryCatch" "tryCatchOne" "tryCatchList" "tryCatch" "runHook" "loadNamespace" "namespaceImport" "loadNamespace" "asNamespace" "namespaceImportFrom" "loadNamespace" "<Anonymous>" ".rs.assembleDataImport" "doTryCatch" "tryCatchOne" "tryCatchList" "tryCatch" ".rs.rpc.assemble_data_import" 
"isS4" "is" ".checkGroupSigLength" "Recall" ".checkGroupSigLength" ".updateMethodsInTable" ".updateMethodsInTable" ".updateMethodsInTable" "methods::cacheMetaData" "loadNamespace" "doTryCatch" "tryCatchOne" "tryCatchList" "tryCatch" "requireNamespace" "<Anonymous>" "mapply" "do.call" "pmap" "enexpr" "inject" "list_c" "detect_installed" "is_installed" "ns_exports_has" "eval" "eval" "eval" "eval" "eval.parent" "local" "callback" "run_on_load" "fun" "doTryCatch" "tryCatchOne" "tryCatchList" "tryCatch" "runHook" "loadNamespace" "namespaceImport" "loadNamespace" "asNamespace" "namespaceImportFrom" "loadNamespace" "<Anonymous>" ".rs.assembleDataImport" "doTryCatch" "tryCatchOne" "tryCatchList" "tryCatch" ".rs.rpc.assemble_data_import" 
".getGenericFromCacheTable" ".getGenericFromCache" ".getGeneric" "getGeneric" "FUN" "lapply" ".checkGroupSigLength" "Recall" ".checkGroupSigLength" ".updateMethodsInTable" ".updateMethodsInTable" "methods::cacheMetaData" "loadNamespace" "doTryCatch" "tryCatchOne" "tryCatchList" "tryCatch" "requireNamespace" "<Anonymous>" "mapply" "do.call" "pmap" "enexpr" "inject" "list_c" "detect_installed" "is_installed" "ns_exports_has" "eval" "eval" "eval" "eval" "eval.parent" "local" "callback" "run_on_load" "fun" "doTryCatch" "tryCatchOne" "tryCatchList" "tryCatch" "runHook" "loadNamespace" "namespaceImport" "loadNamespace" "asNamespace" "namespaceImportFrom" "loadNamespace" "<Anonymous>" ".rs.assembleDataImport" "doTryCatch" "tryCatchOne" "tryCatchList" "tryCatch" ".rs.rpc.assemble_data_import" 
"lazyLoadDBfetch" "eval" "eval" "eval" "eval" "eval.parent" "local" "callback" "run_on_load" "fun" "doTryCatch" "tryCatchOne" "tryCatchList" "tryCatch" "runHook" "loadNamespace" "namespaceImport" "loadNamespace" "asNamespace" "namespaceImportFrom" "loadNamespace" "<Anonymous>" ".rs.assembleDataImport" "doTryCatch" "tryCatchOne" "tryCatchList" "tryCatch" ".rs.rpc.assemble_data_import" 
"FUN" "lapply" "unlist" ".getGenerics" "methods::cacheMetaData" "loadNamespace" "namespaceImport" "loadNamespace" "asNamespace" "namespaceImportFrom" "loadNamespace" "<Anonymous>" ".rs.assembleDataImport" "doTryCatch" "tryCatchOne" "tryCatchList" "tryCatch" ".rs.rpc.assemble_data_import" 
"is" ".recMembers" "Recall" ".recMembers" "getGroupMembers" ".checkGroupSigLength" "Recall" ".checkGroupSigLength" ".updateMethodsInTable" ".updateMethodsInTable" ".updateMethodsInTable" "methods::cacheMetaData" "loadNamespace" "namespaceImport" "loadNamespace" "asNamespace" "namespaceImportFrom" "loadNamespace" "<Anonymous>" ".rs.assembleDataImport" "doTryCatch" "tryCatchOne" "tryCatchList" "tryCatch" ".rs.rpc.assemble_data_import" 
"FUN" "lapply" "unlist" "methods:::.getGenerics" "unique" "loadNamespace" "namespaceImport" "loadNamespace" "asNamespace" "namespaceImportFrom" "loadNamespace" "<Anonymous>" ".rs.assembleDataImport" "doTryCatch" "tryCatchOne" "tryCatchList" "tryCatch" ".rs.rpc.assemble_data_import" 
"lazyLoadDBfetch" "get" "registerS3methods" "loadNamespace" "namespaceImport" "loadNamespace" "asNamespace" "namespaceImportFrom" "loadNamespace" "<Anonymous>" ".rs.assembleDataImport" "doTryCatch" "tryCatchOne" "tryCatchList" "tryCatch" ".rs.rpc.assemble_data_import" 
"inDL" "dyn.load" "library.dynam" "loadNamespace" "namespaceImport" "loadNamespace" "asNamespace" "namespaceImportFrom" "loadNamespace" "<Anonymous>" ".rs.assembleDataImport" "doTryCatch" "tryCatchOne" "tryCatchList" "tryCatch" ".rs.rpc.assemble_data_import" 
"inDL" "dyn.load" "library.dynam" "loadNamespace" "namespaceImport" "loadNamespace" "asNamespace" "namespaceImportFrom" "loadNamespace" "<Anonymous>" ".rs.assembleDataImport" "doTryCatch" "tryCatchOne" "tryCatchList" "tryCatch" ".rs.rpc.assemble_data_import" 
"file.exists" "FUN" "lapply" "find.package" "loadNamespace" "asNamespace" "namespaceImportFrom" "loadNamespace" "asNamespace" "namespaceImportFrom" "loadNamespace" "<Anonymous>" ".rs.assembleDataImport" "doTryCatch" "tryCatchOne" "tryCatchList" "tryCatch" ".rs.rpc.assemble_data_import" 
"file" "parse" "sys.source" "doTryCatch" "tryCatchOne" "tryCatchList" "tryCatch" "try" "loadNamespace" "asNamespace" "namespaceImportFrom" "loadNamespace" "asNamespace" "namespaceImportFrom" "loadNamespace" "<Anonymous>" ".rs.assembleDataImport" "doTryCatch" "tryCatchOne" "tryCatchList" "tryCatch" ".rs.rpc.assemble_data_import" 
"unlist" "structure" "c.numeric_version" "c" "c" "is.numeric_version" ".encode_numeric_version" "split" "Ops.numeric_version" ">=" "do.call" "loadNamespace" "asNamespace" "namespaceImportFrom" "loadNamespace" "<Anonymous>" ".rs.assembleDataImport" "doTryCatch" "tryCatchOne" "tryCatchList" "tryCatch" ".rs.rpc.assemble_data_import" 
"file.exists" "loadNamespace" "asNamespace" "namespaceImportFrom" "loadNamespace" "asNamespace" "namespaceImportFrom" "loadNamespace" "<Anonymous>" ".rs.assembleDataImport" "doTryCatch" "tryCatchOne" "tryCatchList" "tryCatch" ".rs.rpc.assemble_data_import" 
"file.exists" "loadNamespace" "asNamespace" "namespaceImportFrom" "loadNamespace" "asNamespace" "namespaceImportFrom" "loadNamespace" "<Anonymous>" ".rs.assembleDataImport" "doTryCatch" "tryCatchOne" "tryCatchList" "tryCatch" ".rs.rpc.assemble_data_import" 
"inDL" "dyn.load" "library.dynam" "loadNamespace" "asNamespace" "namespaceImportFrom" "loadNamespace" "asNamespace" "namespaceImportFrom" "loadNamespace" "asNamespace" "namespaceImportFrom" "loadNamespace" "<Anonymous>" ".rs.assembleDataImport" "doTryCatch" "tryCatchOne" "tryCatchList" "tryCatch" ".rs.rpc.assemble_data_import" 
"file" "parse" "sys.source" "doTryCatch" "tryCatchOne" "tryCatchList" "tryCatch" "try" "loadNamespace" "asNamespace" "namespaceImportFrom" "loadNamespace" "asNamespace" "namespaceImportFrom" "loadNamespace" "asNamespace" "namespaceImportFrom" "loadNamespace" "<Anonymous>" ".rs.assembleDataImport" "doTryCatch" "tryCatchOne" "tryCatchList" "tryCatch" ".rs.rpc.assemble_data_import" 
"getGeneric" ".recMembers" "Recall" ".recMembers" "getGroupMembers" ".checkGroupSigLength" ".updateMethodsInTable" ".updateMethodsInTable" "methods::cacheMetaData" "loadNamespace" "asNamespace" "namespaceImportFrom" "loadNamespace" "asNamespace" "namespaceImportFrom" "loadNamespace" "asNamespace" "namespaceImportFrom" "loadNamespace" "<Anonymous>" ".rs.assembleDataImport" "doTryCatch" "tryCatchOne" "tryCatchList" "tryCatch" ".rs.rpc.assemble_data_import" 
"as.list" "vapply" "remove" ".resetInheritedMethods" ".updateMethodsInTable" ".updateMethodsInTable" ".updateMethodsInTable" "methods::cacheMetaData" "loadNamespace" "asNamespace" "namespaceImportFrom" "loadNamespace" "asNamespace" "namespaceImportFrom" "loadNamespace" "asNamespace" "namespaceImportFrom" "loadNamespace" "<Anonymous>" ".rs.assembleDataImport" "doTryCatch" "tryCatchOne" "tryCatchList" "tryCatch" ".rs.rpc.assemble_data_import" 
"file.exists" "library.dynam" "loadNamespace" "asNamespace" "namespaceImportFrom" "loadNamespace" "asNamespace" "namespaceImportFrom" "loadNamespace" "asNamespace" "namespaceImportFrom" "loadNamespace" "<Anonymous>" ".rs.assembleDataImport" "doTryCatch" "tryCatchOne" "tryCatchList" "tryCatch" ".rs.rpc.assemble_data_import" 
".make_numeric_version" "numeric_version" "as.numeric_version" "do.call" "loadNamespace" "asNamespace" "namespaceImportFrom" "loadNamespace" "asNamespace" "namespaceImportFrom" "loadNamespace" "asNamespace" "namespaceImportFrom" "loadNamespace" "<Anonymous>" ".rs.assembleDataImport" "doTryCatch" "tryCatchOne" "tryCatchList" "tryCatch" ".rs.rpc.assemble_data_import" 
"doTryCatch" "tryCatchOne" "tryCatchList" "tryCatch" ".registerS3method" "registerS3methods" "loadNamespace" "asNamespace" "namespaceImportFrom" "loadNamespace" "asNamespace" "namespaceImportFrom" "loadNamespace" "<Anonymous>" ".rs.assembleDataImport" "doTryCatch" "tryCatchOne" "tryCatchList" "tryCatch" ".rs.rpc.assemble_data_import" 
"findCenvVar" "getInlineInfo" "isBaseVar" "FUN" "lapply" "unlist" "Filter" "findLocalsList" "funEnv" "make.functionContext" "cmpfun" "doTryCatch" "tryCatchOne" "tryCatchList" "tryCatch" "compiler:::tryCmpfun" "<Anonymous>" "make_style_fast" "assign_crayon_styles" "fun" "doTryCatch" "tryCatchOne" "tryCatchList" "tryCatch" "runHook" "loadNamespace" "asNamespace" "namespaceImportFrom" "loadNamespace" "asNamespace" "namespaceImportFrom" "loadNamespace" "<Anonymous>" ".rs.assembleDataImport" "doTryCatch" "tryCatchOne" "tryCatchList" "tryCatch" ".rs.rpc.assemble_data_import" 
"ifelse" "structure" ".encode_numeric_version" "split" "Ops.numeric_version" ">=" "do.call" "loadNamespace" "asNamespace" "namespaceImportFrom" "loadNamespace" "asNamespace" "namespaceImportFrom" "loadNamespace" "<Anonymous>" ".rs.assembleDataImport" "doTryCatch" "tryCatchOne" "tryCatchList" "tryCatch" ".rs.rpc.assemble_data_import" 
".checkGroupSigLength" ".updateMethodsInTable" "methods::cacheMetaData" "loadNamespace" "asNamespace" "namespaceImportFrom" "loadNamespace" "<Anonymous>" ".rs.assembleDataImport" "doTryCatch" "tryCatchOne" "tryCatchList" "tryCatch" ".rs.rpc.assemble_data_import" 
"is" "getGeneric" ".recMembers" "Recall" ".recMembers" "getGroupMembers" ".checkGroupSigLength" "Recall" ".checkGroupSigLength" ".updateMethodsInTable" ".updateMethodsInTable" ".updateMethodsInTable" "methods::cacheMetaData" "loadNamespace" "asNamespace" "namespaceImportFrom" "loadNamespace" "<Anonymous>" ".rs.assembleDataImport" "doTryCatch" "tryCatchOne" "tryCatchList" "tryCatch" ".rs.rpc.assemble_data_import" 
"gzfile" "readRDS" "lazyLoadDBexec" "lazyLoad" "eval" "eval" "eval" "eval" "eval.parent" "local" "eval" "eval" "sys.source" "doTryCatch" "tryCatchOne" "tryCatchList" "tryCatch" "try" "loadNamespace" "<Anonymous>" ".rs.assembleDataImport" "doTryCatch" "tryCatchOne" "tryCatchList" "tryCatch" ".rs.rpc.assemble_data_import" 
"inDL" "dyn.load" "library.dynam" "loadNamespace" "<Anonymous>" ".rs.assembleDataImport" "doTryCatch" "tryCatchOne" "tryCatchList" "tryCatch" ".rs.rpc.assemble_data_import" 
"inDL" "dyn.load" "library.dynam" "loadNamespace" "<Anonymous>" ".rs.assembleDataImport" "doTryCatch" "tryCatchOne" "tryCatchList" "tryCatch" ".rs.rpc.assemble_data_import" 
"inDL" "dyn.load" "library.dynam" "loadNamespace" "<Anonymous>" ".rs.assembleDataImport" "doTryCatch" "tryCatchOne" "tryCatchList" "tryCatch" ".rs.rpc.assemble_data_import" 
"inDL" "dyn.load" "library.dynam" "loadNamespace" "<Anonymous>" ".rs.assembleDataImport" "doTryCatch" "tryCatchOne" "tryCatchList" "tryCatch" ".rs.rpc.assemble_data_import" 
"inDL" "dyn.load" "library.dynam" "loadNamespace" "<Anonymous>" ".rs.assembleDataImport" "doTryCatch" "tryCatchOne" "tryCatchList" "tryCatch" ".rs.rpc.assemble_data_import" 
"inDL" "dyn.load" "library.dynam" "loadNamespace" "fun" "doTryCatch" "tryCatchOne" "tryCatchList" "tryCatch" "runHook" "loadNamespace" "<Anonymous>" ".rs.assembleDataImport" "doTryCatch" "tryCatchOne" "tryCatchList" "tryCatch" ".rs.rpc.assemble_data_import" 
"inDL" "dyn.load" "library.dynam" "loadNamespace" "fun" "doTryCatch" "tryCatchOne" "tryCatchList" "tryCatch" "runHook" "loadNamespace" "<Anonymous>" ".rs.assembleDataImport" "doTryCatch" "tryCatchOne" "tryCatchList" "tryCatch" ".rs.rpc.assemble_data_import" 
"inDL" "dyn.load" "library.dynam" "loadNamespace" "fun" "doTryCatch" "tryCatchOne" "tryCatchList" "tryCatch" "runHook" "loadNamespace" "<Anonymous>" ".rs.assembleDataImport" "doTryCatch" "tryCatchOne" "tryCatchList" "tryCatch" ".rs.rpc.assemble_data_import" 
"inDL" "dyn.load" "library.dynam" "loadNamespace" "fun" "doTryCatch" "tryCatchOne" "tryCatchList" "tryCatch" "runHook" "loadNamespace" "<Anonymous>" ".rs.assembleDataImport" "doTryCatch" "tryCatchOne" "tryCatchList" "tryCatch" ".rs.rpc.assemble_data_import" 
"FUN" "lapply" "FUN" "lapply" "assignNativeRoutines" "loadNamespace" "fun" "doTryCatch" "tryCatchOne" "tryCatchList" "tryCatch" "runHook" "loadNamespace" "<Anonymous>" ".rs.assembleDataImport" "doTryCatch" "tryCatchOne" "tryCatchList" "tryCatch" ".rs.rpc.assemble_data_import" 
".resetInheritedMethods" ".updateMethodsInTable" ".updateMethodsInTable" ".updateMethodsInTable" "methods::cacheMetaData" "loadNamespace" "<Anonymous>" ".rs.assembleDataImport" "doTryCatch" "tryCatchOne" "tryCatchList" "tryCatch" ".rs.rpc.assemble_data_import" 
"is" ".resetInheritedMethods" ".updateMethodsInTable" "methods::cacheMetaData" "loadNamespace" "<Anonymous>" ".rs.assembleDataImport" "doTryCatch" "tryCatchOne" "tryCatchList" "tryCatch" ".rs.rpc.assemble_data_import" 
"constantFold" "h" "tryInline" "cmpCall" "cmp" "h" "tryInline" "cmpCall" "cmp" "h" "tryInline" "cmpCall" "cmp" "h" "tryInline" "cmpCall" "cmp" "h" "tryInline" "cmpCall" "cmp" "h" "tryInline" "cmpCall" "cmp" "genCode" "cmpfun" "doTryCatch" "tryCatchOne" "tryCatchList" "tryCatch" "compiler:::tryCmpfun" "cacheCodeFromOptions" ".rs.assembleDataImport" "doTryCatch" "tryCatchOne" "tryCatchList" "tryCatch" ".rs.rpc.assemble_data_import" 
"as.list" "lapply" "FUN" "lapply" "findLocalsList1" "findLocalsList" "funEnv" "make.functionContext" "h" "tryInline" "cmpCall" "cmp" "cmpSymbolAssign" "h" "tryInline" "cmpCall" "cmp" "h" "tryInline" "cmpCall" "cmp" "genCode" "cmpfun" "doTryCatch" "tryCatchOne" "tryCatchList" "tryCatch" "compiler:::tryCmpfun" ".rs.assembleDataImportParameters" ".rs.assembleDataImport" "doTryCatch" "tryCatchOne" "tryCatchList" "tryCatch" ".rs.rpc.assemble_data_import" 
"h" "tryInline" "cmpCall" "cmp" "h" "tryInline" "cmpCall" "cmp" "cmpForBody" "h" "tryInline" "cmpCall" "cmp" "h" "tryInline" "cmpCall" "cmp" "h" "tryInline" "cmpCall" "cmp" "h" "tryInline" "cmpCall" "cmp" "genCode" "h" "tryInline" "cmpCall" "cmp" "cmpSymbolAssign" "h" "tryInline" "cmpCall" "cmp" "h" "tryInline" "cmpCall" "cmp" "genCode" "cmpfun" "doTryCatch" "tryCatchOne" "tryCatchList" "tryCatch" "compiler:::tryCmpfun" ".rs.assembleDataImportParameters" ".rs.assembleDataImport" "doTryCatch" "tryCatchOne" "tryCatchList" "tryCatch" ".rs.rpc.assemble_data_import" 
"as.list" "lapply" "FUN" "lapply" "findLocalsList1" "findLocalsList" "funEnv" "make.functionContext" "h" "tryInline" "cmpCall" "cmp" "cmpSymbolAssign" "h" "tryInline" "cmpCall" "cmp" "h" "tryInline" "cmpCall" "cmp" "h" "tryInline" "cmpCall" "cmp" "h" "tryInline" "cmpCall" "cmp" "genCode" "h" "tryInline" "cmpCall" "cmp" "cmpSymbolAssign" "h" "tryInline" "cmpCall" "cmp" "h" "tryInline" "cmpCall" "cmp" "genCode" "cmpfun" "doTryCatch" "tryCatchOne" "tryCatchList" "tryCatch" "compiler:::tryCmpfun" ".rs.assembleDataImportParameters" ".rs.assembleDataImport" "doTryCatch" "tryCatchOne" "tryCatchList" "tryCatch" ".rs.rpc.assemble_data_import" 
"findCenvVar" "findLocVar" "cmpCall" "cmp" "h" "tryInline" "cmpCall" "cmp" "h" "tryInline" "cmpCall" "cmp" "h" "tryInline" "cmpCall" "cmp" "h" "tryInline" "cmpCall" "cmp" "genCode" "h" "tryInline" "cmpCall" "cmp" "cmpSymbolAssign" "h" "tryInline" "cmpCall" "cmp" "h" "tryInline" "cmpCall" "cmp" "genCode" "cmpfun" "doTryCatch" "tryCatchOne" "tryCatchList" "tryCatch" "compiler:::tryCmpfun" ".rs.assembleDataImportParameters" ".rs.assembleDataImport" "doTryCatch" "tryCatchOne" "tryCatchList" "tryCatch" ".rs.rpc.assemble_data_import" 
"%in%" "getInlineInfo" "tryInline" "cmpCall" "cmp" "genCode" "cb$putconst" "cmpCallArgs" "cmpCallSymFun" "cmpCall" "cmp" "cmpSymbolAssign" "h" "tryInline" "cmpCall" "cmp" "h" "tryInline" "cmpCall" "cmp" "h" "tryInline" "cmpCall" "cmp" "h" "tryInline" "cmpCall" "cmp" "h" "tryInline" "cmpCall" "cmp" "cmpForBody" "h" "tryInline" "cmpCall" "cmp" "h" "tryInline" "cmpCall" "cmp" "genCode" "cmpfun" "doTryCatch" "tryCatchOne" "tryCatchList" "tryCatch" "compiler:::tryCmpfun" ".rs.assembleDataImportParameters" ".rs.assembleDataImport" "doTryCatch" "tryCatchOne" "tryCatchList" "tryCatch" ".rs.rpc.assemble_data_import" 
"close.connection" "close" "saveRDS" 
"names" "checkConflicts" "attach" "attachNamespace" "doTryCatch" "tryCatchOne" "tryCatchList" "tryCatch" "library" 
"readRDS" "loadNamespace" "asNamespace" "namespaceImportFrom" "loadNamespace" "read_csv" 
"close" "readRDS" "lazyLoadDBexec" "lazyLoad" "eval" "eval" "eval" "eval" "eval.parent" "local" "eval" "eval" "sys.source" "doTryCatch" "tryCatchOne" "tryCatchList" "tryCatch" "try" "loadNamespace" "asNamespace" "namespaceImportFrom" "loadNamespace" "asNamespace" "namespaceImportFrom" "loadNamespace" "read_csv" 
"setNamespaceInfo" "addImports" "namespaceImportFrom" "loadNamespace" "asNamespace" "namespaceImportFrom" "loadNamespace" "read_csv" 
"file.exists" "library.dynam" "loadNamespace" "asNamespace" "namespaceImportFrom" "loadNamespace" "read_csv" 
"getNamespaceName" "structure" "addImports" "namespaceImportFrom" "loadNamespace" "asNamespace" "namespaceImportFrom" "loadNamespace" "read_csv" 
"namespaceImportFrom" "loadNamespace" "read_csv" 
"is" "getGeneric" "getGroupMembers" ".checkGroupSigLength" "Recall" ".checkGroupSigLength" ".updateMethodsInTable" ".updateMethodsInTable" ".updateMethodsInTable" "methods::cacheMetaData" "loadNamespace" "read_csv" 
"genericForBasic" "getGeneric" ".recMembers" "Recall" ".recMembers" "getGroupMembers" ".checkGroupSigLength" "Recall" ".checkGroupSigLength" ".updateMethodsInTable" ".updateMethodsInTable" ".updateMethodsInTable" "methods::cacheMetaData" "loadNamespace" "read_csv" 
".recMembers" "Recall" ".recMembers" "getGroupMembers" ".checkGroupSigLength" "Recall" ".checkGroupSigLength" ".updateMethodsInTable" ".updateMethodsInTable" ".updateMethodsInTable" "methods::cacheMetaData" "loadNamespace" "read_csv" 
"is" ".resetInheritedMethods" ".updateMethodsInTable" "methods::cacheMetaData" "loadNamespace" "read_csv" 
"is" ".resetInheritedMethods" ".updateMethodsInTable" "methods::cacheMetaData" "loadNamespace" "read_csv" 
"lazyLoadDBfetch" "date_names_lang" "locale" "default_locale" "iconv" "is_ascii_compatible" "vroom::vroom" "read_csv" 
"tzdb_names_cpp" "tzdb::tzdb_names" "%in%" "check_tz" "locale" "default_locale" "iconv" "is_ascii_compatible" "vroom::vroom" "read_csv" 
"runUserHook" "loadNamespace" "Sys.getenv" "readr_threads" "vroom_" "vroom::vroom" "read_csv" 
"normalizePath" "setNamespaceInfo" "makeNamespace" "loadNamespace" "<Anonymous>" ".Call" "vroom_" "vroom::vroom" "read_csv" 
".Call" "vroom_" "vroom::vroom" "read_csv" 
"file.exists" "find.package" "loadNamespace" "withCallingHandlers" "suppressWarnings" "get_rstudio_theme" "doTryCatch" "tryCatchOne" "tryCatchList" "tryCatch" "detect_dark_theme" "builtin_theme" "theme_create" "structure" "clii_add_theme" "app$add_theme" "clii_init" "app$new" "cliapp" "start_app" "%||%" "cli_server_default_safe" "cli_server_default" "cli__default_handler" "doWithOneRestart" "withOneRestart" "withRestarts" "cli__message_emit" "cli__message" "cli::cli_text" "withCallingHandlers" "cli_block" "show_dims" "show_col_types" "vroom::vroom" "read_csv" 
"structure" "as.data.frame.vector" "as.data.frame.character" "as.data.frame" "data.frame" "theme_create" "structure" "clii_add_theme" "app$add_theme" "clii_init" "app$new" "cliapp" "start_app" "%||%" "cli_server_default_safe" "cli_server_default" "cli__default_handler" "doWithOneRestart" "withOneRestart" "withRestarts" "cli__message_emit" "cli__message" "cli::cli_text" "withCallingHandlers" "cli_block" "show_dims" "show_col_types" "vroom::vroom" "read_csv" 
"$<-" "clii__container_end" ".transformer" "%||%" "<Anonymous>" "glue" "FUN" "lapply" "clii__inline" "app$inline" "clii__xtext" "app$xtext" "clii_text" "<Anonymous>" "do.call" "cli_server_default_safe" "cli_server_default" "cli__default_handler" "doWithOneRestart" "withOneRestart" "withRestarts" "cli__message_emit" "cli__message" "cli::cli_text" "withCallingHandlers" "cli_block" "show_dims" "show_col_types" "vroom::vroom" "read_csv" 
"as.list.default" "as.list" "lapply" "FUN" "lapply" "findLocalsList1" "findLocalsList" "funEnv" "make.functionContext" "cmpfun" "doTryCatch" "tryCatchOne" "tryCatchList" "tryCatch" "compiler:::tryCmpfun" "orig_fmt" "FUN" "vapply" "vcapply" "inline_generic" "inline_collapse" ".transformer" "%||%" "<Anonymous>" "glue" ".transformer" "%||%" "<Anonymous>" "glue" "FUN" "lapply" "clii__inline" "app$inline" "clii__xtext" "app$xtext" "clii_text" "<Anonymous>" "do.call" "cli_server_default_safe" "cli_server_default" "cli__default_handler" "doWithOneRestart" "withOneRestart" "withRestarts" "cli__message_emit" "cli__message" "cli::cli_text" "withCallingHandlers" "cli_block" "show_dims" "show_col_types" "vroom::vroom" "read_csv" 
"cli_output_connection" "get_real_output" "num_ansi_colors" "crayon::red" "FUN" "vapply" "format" "summary.col_spec" "summary" "show_col_types" "vroom::vroom" "read_csv" 
"sys.frame" "dynGet" "loadNamespace" "getNamespace" "asNamespace" "doTryCatch" "tryCatchOne" "tryCatchList" "tryCatch" "get_data" "detect_new" "rstudio$detect" "num_ansi_colors" "...elt" "stopifnot" "make_ansi_style" "apply_style" "make_line" "paste0" "rule_left" "cli::rule" "orig_fmt" "orig_fmt" "style$fmt" "clii__heading" "clii_h1" "<Anonymous>" "do.call" "cli_server_default_safe" "cli_server_default" "cli__default_handler" "doWithOneRestart" "withOneRestart" "withRestarts" "cli__message_emit" "cli__message" "cli::cli_h1" "withCallingHandlers" "cli_block" "summary.col_spec" "summary" "show_col_types" "vroom::vroom" "read_csv" 
"utils::tail" "app$get_current_style" ".transformer" "%||%" "<Anonymous>" "glue" "FUN" "lapply" "clii__inline" "app$inline" "clii_alert" "<Anonymous>" "do.call" "cli_server_default_safe" "cli_server_default" "cli__default_handler" "doWithOneRestart" "withOneRestart" "withRestarts" "cli__message_emit" "cli__message" "cli::cli_alert_info" "withCallingHandlers" "cli_block" "show_col_types" "vroom::vroom" "read_csv" 
"make.codeBuf" "genCode" "cb$putconst" "cmpCallArgs" "cmpCallSymFun" "cmpCall" "cmp" "cmpSymbolAssign" "h" "tryInline" "cmpCall" "cmp" "h" "tryInline" "cmpCall" "cmp" "genCode" "cb$putconst" "cmpCallArgs" "cmpCallSymFun" "cmpCall" "cmp" "h" "tryInline" "cmpCall" "cmp" "h" "tryInline" "cmpCall" "cmp" "h" "tryInline" "cmpCall" "cmp" "genCode" "cmpfun" "doTryCatch" "tryCatchOne" "tryCatchList" "tryCatch" "compiler:::tryCmpfun" ".rs.toDataFrame" ".rs.findDataFrame" 
"findCenvVar" "getInlineInfo" "isBaseVar" "isLoopTopFun" "checkSkipLoopCntxt" "checkSkipLoopCntxtList" "checkSkipLoopCntxt" "checkSkipLoopCntxtList" "checkSkipLoopCntxt" "checkSkipLoopCntxtList" "checkSkipLoopCntxt" "checkSkipLoopCntxtList" "checkSkipLoopCntxt" "h" "tryInline" "cmpCall" "cmp" "h" "tryInline" "cmpCall" "cmp" "genCode" "cmpfun" "doTryCatch" "tryCatchOne" "tryCatchList" "tryCatch" "compiler:::tryCmpfun" ".rs.flattenFrame" ".rs.toDataFrame" ".rs.findDataFrame" 
"findCenvVar" "getInlineInfo" "isBaseVar" "getFoldFun" "constantFoldCall" "constantFold" "cmp" "h" "tryInline" "cmpCall" "cmp" "h" "tryInline" "cmpCall" "cmp" "h" "tryInline" "cmpCall" "cmp" "h" "tryInline" "cmpCall" "cmp" "cmpWhileBody" "h" "tryInline" "cmpCall" "cmp" "h" "tryInline" "cmpCall" "cmp" "genCode" "cmpfun" "doTryCatch" "tryCatchOne" "tryCatchList" "tryCatch" "compiler:::tryCmpfun" ".rs.flattenFrame" ".rs.toDataFrame" ".rs.findDataFrame" 
"%in%" "getFoldFun" "constantFoldCall" "constantFold" "cmp" "cmpSymbolAssign" "h" "tryInline" "cmpCall" "cmp" "h" "tryInline" "cmpCall" "cmp" "genCode" "cmpfun" "doTryCatch" "tryCatchOne" "tryCatchList" "tryCatch" "compiler:::tryCmpfun" "FUN" "lapply" ".rs.describeCols" 
".rs.scalar" "FUN" "lapply" ".rs.describeCols" 
"getAssignedVar" "assign" "addVar" "findLocals1" "lapply" "FUN" "lapply" "findLocalsList1" "findLocalsList" "funEnv" "make.functionContext" "cmpfun" "doTryCatch" "tryCatchOne" "tryCatchList" "tryCatch" "compiler:::tryCmpfun" ".rs.assembleDataImport" "doTryCatch" "tryCatchOne" "tryCatchList" "tryCatch" ".rs.rpc.assemble_data_import" 
"findCenvVar" "getInlineInfo" "tryInline" "cmpCall" "cmp" "h" "tryInline" "cmpCall" "cmp" "h" "tryInline" "cmpCall" "cmp" "h" "tryInline" "cmpCall" "cmp" "h" "tryInline" "cmpCall" "cmp" "genCode" "h" "tryInline" "cmpCall" "cmp" "cmpSymbolAssign" "h" "tryInline" "cmpCall" "cmp" "h" "tryInline" "cmpCall" "cmp" "genCode" "cmpfun" "doTryCatch" "tryCatchOne" "tryCatchList" "tryCatch" "compiler:::tryCmpfun" ".rs.assembleDataImport" "doTryCatch" "tryCatchOne" "tryCatchList" "tryCatch" ".rs.rpc.assemble_data_import" 
"match.call" "doTryCatch" "tryCatchOne" "tryCatchList" "tryCatch" "checkCall" "cmpCall" "cmp" "h" "tryInline" "cmpCall" "cmp" "cmpPrim1" "h" "tryInline" "cmpCall" "cmp" "h" "tryInline" "cmpCall" "cmp" "h" "tryInline" "cmpCall" "cmp" "h" "tryInline" "cmpCall" "cmp" "h" "tryInline" "cmpCall" "cmp" "genCode" "h" "tryInline" "cmpCall" "cmp" "cmpSymbolAssign" "h" "tryInline" "cmpCall" "cmp" "h" "tryInline" "cmpCall" "cmp" "genCode" "cmpfun" "doTryCatch" "tryCatchOne" "tryCatchList" "tryCatch" "compiler:::tryCmpfun" ".rs.assembleDataImport" "doTryCatch" "tryCatchOne" "tryCatchList" "tryCatch" ".rs.rpc.assemble_data_import" 
"cmpConst" "cmp" "cmpSymbolAssign" "h" "tryInline" "cmpCall" "cmp" "h" "tryInline" "cmpCall" "cmp" "h" "tryInline" "cmpCall" "cmp" "h" "tryInline" "cmpCall" "cmp" "genCode" "h" "tryInline" "cmpCall" "cmp" "cmpBuiltinArgs" "h" "tryInline" "cmpCall" "cmp" "cmpSymbolAssign" "h" "tryInline" "cmpCall" "cmp" "h" "tryInline" "cmpCall" "cmp" "genCode" "cmpfun" "doTryCatch" "tryCatchOne" "tryCatchList" "tryCatch" "compiler:::tryCmpfun" ".rs.assembleDataImport" "doTryCatch" "tryCatchOne" "tryCatchList" "tryCatch" ".rs.rpc.assemble_data_import" 
"cmpIndices" "cmpSubassignDispatch" "h" "trySetterInline" "cmpSetterCall" "cmpComplexAssign" "h" "tryInline" "cmpCall" "cmp" "h" "tryInline" "cmpCall" "cmp" "genCode" "h" "tryInline" "cmpCall" "cmp" "cmpBuiltinArgs" "h" "tryInline" "cmpCall" "cmp" "cmpSymbolAssign" "h" "tryInline" "cmpCall" "cmp" "h" "tryInline" "cmpCall" "cmp" "genCode" "cmpfun" "doTryCatch" "tryCatchOne" "tryCatchList" "tryCatch" "compiler:::tryCmpfun" ".rs.assembleDataImport" "doTryCatch" "tryCatchOne" "tryCatchList" "tryCatch" ".rs.rpc.assemble_data_import" 
"length" "cb$putcode" "cmpConstArg" "cmpCallArgs" "cmpCallSymFun" "cmpCall" "cmp" "cmpComplexAssign" "h" "tryInline" "cmpCall" "cmp" "h" "tryInline" "cmpCall" "cmp" "genCode" "cmpfun" "doTryCatch" "tryCatchOne" "tryCatchList" "tryCatch" "compiler:::tryCmpfun" ".rs.assembleDataImport" "doTryCatch" "tryCatchOne" "tryCatchList" "tryCatch" ".rs.rpc.assemble_data_import" 
"lapply" "findLocalsList1" "findLocalsList" "funEnv" "make.functionContext" "h" "tryInline" "cmpCall" "cmp" "genCode" "cb$putconst" "cmpCallArgs" "cmpCallSymFun" "cmpCall" "cmp" "genCode" "cb$putconst" "cmpCallArgs" "cmpCallSymFun" "cmpCall" "cmp" "cmpComplexAssign" "h" "tryInline" "cmpCall" "cmp" "h" "tryInline" "cmpCall" "cmp" "genCode" "cmpfun" "doTryCatch" "tryCatchOne" "tryCatchList" "tryCatch" "compiler:::tryCmpfun" ".rs.assembleDataImport" "doTryCatch" "tryCatchOne" "tryCatchList" "tryCatch" ".rs.rpc.assemble_data_import" 
"recycle_columns" "do.call" "glue_data" "glue" "glue::glue_col" "force" "withr::with_options" "<Anonymous>" ".Call" "vroom_" "vroom::vroom" "read_csv" 
".Call" "vroom_" "vroom::vroom" "read_csv" 
".Call" "vroom_" "vroom::vroom" "read_csv" 
".Call" "vroom_" "vroom::vroom" "read_csv" 
"vec_is" "FUN" "vapply" "map_mold" "map_lgl" "which" "check_valid_cols" "lst_to_tibble" "as_tibble.list" "tibble::as_tibble" "vroom::vroom" "read_csv" 
"get0" "dynGet" "loadNamespace" "getNamespace" "asNamespace" "doTryCatch" "tryCatchOne" "tryCatchList" "tryCatch" "get_data" "detect_new" "rstudio$detect" "num_ansi_colors" "...elt" "stopifnot" "make_ansi_style" "create_formatter" "merge_embedded_styles" "clii__container_start" ".transformer" "%||%" "<Anonymous>" "glue" ".transformer" "%||%" "<Anonymous>" "glue" "FUN" "lapply" "clii__inline" "app$inline" "clii__xtext" "app$xtext" "clii_text" "<Anonymous>" "do.call" "cli_server_default_safe" "cli_server_default" "cli__default_handler" "doWithOneRestart" "withOneRestart" "withRestarts" "cli__message_emit" "cli__message" "cli::cli_text" "withCallingHandlers" "cli_block" "show_dims" "show_col_types" "vroom::vroom" "read_csv" 
"findCenvVar" "findLocVar" "cmpCall" "cmp" "cmpSymbolAssign" "h" "tryInline" "cmpCall" "cmp" "h" "tryInline" "cmpCall" "cmp" "genCode" "cmpfun" "doTryCatch" "tryCatchOne" "tryCatchList" "tryCatch" "compiler:::tryCmpfun" "new_fmt" "doTryCatch" "tryCatchOne" "tryCatchList" "tryCatch" "withCallingHandlers" "suppressWarnings" "try_silently" "cli::rule" "orig_fmt" "orig_fmt" "style$fmt" "clii__heading" "clii_h1" "<Anonymous>" "do.call" "cli_server_default_safe" "cli_server_default" "cli__default_handler" "doWithOneRestart" "withOneRestart" "withRestarts" "cli__message_emit" "cli__message" "cli::cli_h1" "withCallingHandlers" "cli_block" "summary.col_spec" "summary" "show_col_types" "vroom::vroom" "read_csv" 
"merge_embedded_styles" "clii__container_start" "clii_alert" "<Anonymous>" "do.call" "cli_server_default_safe" "cli_server_default" "cli__default_handler" "doWithOneRestart" "withOneRestart" "withRestarts" "cli__message_emit" "cli__message" "cli::cli_alert_info" "withCallingHandlers" "cli_block" "show_col_types" "vroom::vroom" "read_csv" 
"%in%" "findCenvVar" "findLocVar" "cmpCall" "cmp" "genCode" "cb$putconst" "cmpCallArgs" "cmpCallSymFun" "cmpCall" "cmp" "cmpSymbolAssign" "h" "tryInline" "cmpCall" "cmp" "h" "tryInline" "cmpCall" "cmp" "h" "tryInline" "cmpCall" "cmp" "h" "tryInline" "cmpCall" "cmp" "genCode" "cmpfun" "doTryCatch" "tryCatchOne" "tryCatchList" "tryCatch" "compiler:::tryCmpfun" "f" "doTryCatch" "tryCatchOne" "tryCatchList" "tryCatch" "withCallingHandlers" ".rs.callAs" "View" 
".rs.isViewOverride" "f" "doTryCatch" "tryCatchOne" "tryCatchList" "tryCatch" "withCallingHandlers" ".rs.callAs" "View" 
"findCenvVar" "getInlineInfo" "isBaseVar" "FUN" "lapply" "unlist" "Filter" "findLocalsList" "funEnv" "make.functionContext" "cmpfun" "doTryCatch" "tryCatchOne" "tryCatchList" "tryCatch" "compiler:::tryCmpfun" ".rs.describeCols" 
"tryInline" "cmpCall" "cmp" "h" "tryInline" "cmpCall" "cmp" "h" "tryInline" "cmpCall" "cmp" "cmpSymbolAssign" "h" "tryInline" "cmpCall" "cmp" "h" "tryInline" "cmpCall" "cmp" "genCode" "h" "tryInline" "cmpCall" "cmp" "genCode" "cb$putconst" "cmpCallArgs" "cmpCallSymFun" "cmpCall" "cmp" "cmpSymbolAssign" "h" "tryInline" "cmpCall" "cmp" "h" "tryInline" "cmpCall" "cmp" "genCode" "cmpfun" "doTryCatch" "tryCatchOne" "tryCatchList" "tryCatch" "compiler:::tryCmpfun" ".rs.describeCols" 
".rs.scalar" "FUN" "lapply" ".rs.describeCols" 
"stopifnot" "utils::getS3method" ".rs.formatDataColumnDispatch" "withCallingHandlers" "doTryCatch" "tryCatchOne" "tryCatchList" "tryCatch" ".rs.tryCatch" ".rs.formatDataColumn" 
".rs.formatDataColumnDefault" ".rs.formatDataColumn" 
"tryCatchOne" "tryCatchList" "tryCatch" ".rs.tryCatch" ".rs.formatDataColumn" 
"utils::getS3method" ".rs.formatDataColumnDispatch" "withCallingHandlers" "doTryCatch" "tryCatchOne" "tryCatchList" "tryCatch" ".rs.tryCatch" ".rs.formatDataColumn" 
"setwd" 
"withCallingHandlers" "doTryCatch" "tryCatchOne" "tryCatchList" "tryCatch" ".rs.tryCatch" ".rs.formatDataColumn" 
"tryCatchOne" "tryCatchList" "tryCatch" ".rs.tryCatch" ".rs.formatDataColumn" 
".rs.formatDataColumn" 
"utils::getS3method" ".rs.formatDataColumnDispatch" "withCallingHandlers" "doTryCatch" "tryCatchOne" "tryCatchList" "tryCatch" ".rs.tryCatch" ".rs.formatDataColumn" 
".rs.formatDataColumnDispatch" "withCallingHandlers" "doTryCatch" "tryCatchOne" "tryCatchList" "tryCatch" ".rs.tryCatch" ".rs.formatDataColumn" 
"ls" "FUN" "lapply" ".rs.objectsOnSearchPath" ".rs.getCompletionsSearchPath" "Reduce" ".rs.rpc.get_completions" 
"tolower" "nchar" ".rs.startsWith" ".rs.fuzzyMatches" ".rs.getCompletionsSearchPath" "Reduce" ".rs.rpc.get_completions" 
"ls" "FUN" "lapply" ".rs.objectsOnSearchPath" ".rs.getCompletionsSearchPath" "Reduce" ".rs.rpc.get_completions" 
"ls" "FUN" "lapply" ".rs.objectsOnSearchPath" ".rs.getCompletionsSearchPath" "Reduce" ".rs.rpc.get_completions" 
"sort" ".rs.getCompletionsPackages" "Reduce" ".rs.rpc.get_completions" 
"findCenvVar" "getInlineInfo" "tryInline" "cmpCall" "cmp" "cmpSymbolAssign" "h" "tryInline" "cmpCall" "cmp" "h" "tryInline" "cmpCall" "cmp" "h" "tryInline" "cmpCall" "cmp" "h" "tryInline" "cmpCall" "cmp" "h" "tryInline" "cmpCall" "cmp" "genCode" "cmpfun" "doTryCatch" "tryCatchOne" "tryCatchList" "tryCatch" "compiler:::tryCmpfun" ".rs.getHelpFromObject" ".rs.getHelp" ".rs.rpc.get_help" 
"exists" "findCenvVar" "getInlineInfo" "tryInline" "cmpCall" "cmp" "cmpBuiltinArgs" "cmpBuiltin" "cmpDotInternalCall" "h" "tryInline" "cmpCall" "cmp" "cmpPrim1" "h" "tryInline" "cmpCall" "cmp" "h" "tryInline" "cmpCall" "cmp" "h" "tryInline" "cmpCall" "cmp" "cmpForBody" "h" "tryInline" "cmpCall" "cmp" "h" "tryInline" "cmpCall" "cmp" "genCode" "cmpfun" "doTryCatch" "tryCatchOne" "tryCatchList" "tryCatch" "compiler:::tryCmpfun" ".rs.getHelpFromObject" ".rs.getHelp" ".rs.rpc.get_help" 
"cb$putcode" "cmpSym" "cmp" "cmpSubsetDispatch" "h" "tryInline" "cmpCall" "cmp" "genCode" "cb$putconst" "cmpCallArgs" "cmpCallSymFun" "cmpCall" "cmp" "h" "tryInline" "cmpCall" "cmp" "h" "tryInline" "cmpCall" "cmp" "genCode" "cmpfun" "doTryCatch" "tryCatchOne" "tryCatchList" "tryCatch" "compiler:::tryCmpfun" ".rs.callsUseMethod" ".rs.callsUseMethod" ".rs.isS3Generic" ".rs.resolveFormalsImplS3Dispatch" ".rs.resolveFormalsImpl" "doTryCatch" "tryCatchOne" "tryCatchList" "tryCatch" ".rs.resolveFormals" ".rs.getCompletionsFunction" ".rs.getRCompletions" ".rs.appendCompletions" ".rs.rpc.get_completions" 
"ls" "FUN" "lapply" ".rs.objectsOnSearchPath" ".rs.getCompletionsSearchPath" "Reduce" ".rs.rpc.get_completions" 
".rs.makeCompletions" ".rs.emptyCompletions" ".rs.getRChainCompletions" ".rs.appendCompletions" ".rs.rpc.get_completions" 
"ls" "FUN" "lapply" ".rs.objectsOnSearchPath" ".rs.getCompletionsSearchPath" "Reduce" ".rs.rpc.get_completions" 
"nchar" ".rs.startsWith" ".rs.fuzzyMatches" ".rs.getCompletionsSearchPath" "Reduce" ".rs.rpc.get_completions" 
"ls" "FUN" "lapply" ".rs.objectsOnSearchPath" ".rs.getCompletionsSearchPath" "Reduce" ".rs.rpc.get_completions" 
"tolower" "nchar" ".rs.startsWith" ".rs.fuzzyMatches" ".rs.getCompletionsSearchPath" "Reduce" ".rs.rpc.get_completions" 
"ls" "FUN" "lapply" ".rs.objectsOnSearchPath" ".rs.getCompletionsSearchPath" "Reduce" ".rs.rpc.get_completions" 
"grepl" ".rs.makeCompletions" ".rs.emptyCompletions" ".rs.getCompletionsNAMESPACE" "Reduce" ".rs.rpc.get_completions" 
"ls" "FUN" "lapply" ".rs.objectsOnSearchPath" ".rs.getCompletionsSearchPath" "Reduce" ".rs.rpc.get_completions" 
"tolower" "nchar" ".rs.startsWith" ".rs.fuzzyMatches" ".rs.getCompletionsSearchPath" "Reduce" ".rs.rpc.get_completions" 
"ls" "FUN" "lapply" ".rs.objectsOnSearchPath" ".rs.getCompletionsSearchPath" "Reduce" ".rs.rpc.get_completions" 
"ls" "FUN" "lapply" ".rs.objectsOnSearchPath" ".rs.getCompletionsSearchPath" "Reduce" ".rs.rpc.get_completions" 
"ls" "FUN" "lapply" ".rs.objectsOnSearchPath" ".rs.getCompletionsSearchPath" "Reduce" ".rs.rpc.get_completions" 
"ls" "FUN" "lapply" ".rs.objectsOnSearchPath" ".rs.getCompletionsSearchPath" "Reduce" ".rs.rpc.get_completions" 
"ls" "FUN" "lapply" ".rs.objectsOnSearchPath" ".rs.getCompletionsSearchPath" "Reduce" ".rs.rpc.get_completions" 
"gsub" ".rs.fuzzyMatches" ".rs.getCompletionsSearchPath" "Reduce" ".rs.rpc.get_completions" 
"lazyLoadDBfetch" "get" "doTryCatch" "tryCatchOne" "tryCatchList" "tryCatch" "FUN" "vapply" ".rs.getCompletionsSearchPath" "Reduce" ".rs.rpc.get_completions" 
"ls" "FUN" "lapply" ".rs.objectsOnSearchPath" ".rs.getCompletionsSearchPath" "Reduce" ".rs.rpc.get_completions" 
"ls" "FUN" "lapply" ".rs.objectsOnSearchPath" ".rs.getCompletionsSearchPath" "Reduce" ".rs.rpc.get_completions" 
"tolower" "nchar" ".rs.startsWith" ".rs.fuzzyMatches" ".rs.getCompletionsSearchPath" "Reduce" ".rs.rpc.get_completions" 
"structure" "object.size" ".rs.describeObject" 
"gsub" ".rs.doStripSurrounding" ".rs.stripSurrounding" ".rs.resolveObjectFromFunctionCall" ".rs.getCompletionsArgument" ".rs.getCompletionsFunction" ".rs.getRCompletions" ".rs.appendCompletions" ".rs.rpc.get_completions" 
"ls" "FUN" "lapply" ".rs.objectsOnSearchPath" ".rs.getCompletionsSearchPath" "Reduce" ".rs.rpc.get_completions" 
"ls" "FUN" "lapply" ".rs.objectsOnSearchPath" ".rs.getCompletionsSearchPath" "Reduce" ".rs.rpc.get_completions" 
"ls" "FUN" "lapply" ".rs.objectsOnSearchPath" ".rs.getCompletionsSearchPath" "Reduce" ".rs.rpc.get_completions" 
"ls" "FUN" "lapply" ".rs.objectsOnSearchPath" ".rs.getCompletionsSearchPath" "Reduce" ".rs.rpc.get_completions" 
"ls" "FUN" "lapply" ".rs.objectsOnSearchPath" ".rs.getCompletionsSearchPath" "Reduce" ".rs.rpc.get_completions" 
"ls" "FUN" "lapply" ".rs.objectsOnSearchPath" ".rs.getCompletionsSearchPath" "Reduce" ".rs.rpc.get_completions" 
"tolower" "nchar" ".rs.startsWith" ".rs.fuzzyMatches" ".rs.getCompletionsSearchPath" "Reduce" ".rs.rpc.get_completions" 
"format.default" "format" "print.table" "<Anonymous>" 
"paste0" "str.default" "str" "<Anonymous>" "do.call" "strSub" "str.default" "utils::str" "str.tbl_df" "str" 
"encodeString" "str.default" "str" "<Anonymous>" "do.call" "strSub" "str.default" "utils::str" "str.tbl_df" "str" 
"cat" "str.default" "str" "<Anonymous>" "do.call" "strSub" "str.default" "utils::str" "str.tbl_df" "str" 
"cat" "str.default" "utils::str" "str.tbl_df" "str" 
"lazyLoadDBfetch" "format" "strsplit" "str.col_spec" "str" "<Anonymous>" "do.call" "strSub" "str.default" "utils::str" "str.tbl_df" "str" 
"Sys.getenv" "num_ansi_colors" "crayon::red" "colourise_cols" "FUN" "vapply" "format.col_spec" "format" "strsplit" "str.col_spec" "str" "<Anonymous>" "do.call" "strSub" "str.default" "utils::str" "str.tbl_df" "str" 
"crayon::red" "colourise_cols" "FUN" "vapply" "format.col_spec" "format" "strsplit" "str.col_spec" "str" "<Anonymous>" "do.call" "strSub" "str.default" "utils::str" "str.tbl_df" "str" 
"iconv" "sQuote" "sprintf" "gettextf" "packageNotFoundError" "loadNamespace" "getNamespace" "asNamespace" "doTryCatch" "tryCatchOne" "tryCatchList" "tryCatch" "get_data" "rstudio$detect" "num_ansi_colors" "crayon::red" "colourise_cols" "FUN" "vapply" "format.col_spec" "format" "strsplit" "str.col_spec" "str" "<Anonymous>" "do.call" "strSub" "str.default" "utils::str" "str.tbl_df" "str" 
"ls" "FUN" "lapply" ".rs.objectsOnSearchPath" ".rs.getCompletionsSearchPath" "Reduce" ".rs.rpc.get_completions" 
"grepl" ".rs.makeCompletions" ".rs.getCompletionsActiveFrame" "Reduce" ".rs.rpc.get_completions" 
"ls" "FUN" "lapply" ".rs.objectsOnSearchPath" ".rs.getCompletionsSearchPath" "Reduce" ".rs.rpc.get_completions" 
"class<-" ".rs.scalar" ".rs.makeCompletions" ".rs.getCompletionsSearchPath" "Reduce" ".rs.rpc.get_completions" 
"scan" "read.table" "read.csv" 
"scan" "read.table" "read.csv" 
"scan" "read.table" "read.csv" 
"scan" "read.table" "read.csv" 
"structure" "object.size" ".rs.describeObject" 
"format.default" "format" "str.default" "NextMethod" "str.data.frame" "str" 
"modifyList" "str.default" "str" "<Anonymous>" "do.call" "strSub" "str.default" "NextMethod" "str.data.frame" "str" 
"cat" "str.default" "str" "<Anonymous>" "do.call" "strSub" "str.default" "NextMethod" "str.data.frame" "str" 
"eval" "FUN" "lapply" "strSub" "str.default" "NextMethod" "str.data.frame" "str" 
"encodeString" "str.default" "str" "<Anonymous>" "do.call" "strSub" "str.default" "NextMethod" "str.data.frame" "str" 
"encodeString" "str.default" "str" "<Anonymous>" "do.call" "strSub" "str.default" "NextMethod" "str.data.frame" "str" 
"ls" "FUN" "lapply" ".rs.objectsOnSearchPath" ".rs.getCompletionsSearchPath" "Reduce" ".rs.rpc.get_completions" 
"ls" "FUN" "lapply" ".rs.objectsOnSearchPath" ".rs.getCompletionsSearchPath" "Reduce" ".rs.rpc.get_completions" 
"ls" "FUN" "lapply" ".rs.objectsOnSearchPath" ".rs.getCompletionsSearchPath" "Reduce" ".rs.rpc.get_completions" 
"ls" "FUN" "lapply" ".rs.objectsOnSearchPath" ".rs.getCompletionsSearchPath" "Reduce" ".rs.rpc.get_completions" 
"gsub" ".rs.fuzzyMatches" ".rs.getCompletionsActiveFrame" "Reduce" ".rs.rpc.get_completions" 
"scan" "read.table" "read.csv" 
"close.connection" "close" "read.table" "read.csv" 
".Call" ".rs.runAsyncRProcess" ".rs.onAvailablePackagesStale" ".rs.availablePackages" ".rs.rpc.discover_package_dependencies" 
"findCenvVar" "findVar" "cmpSym" "cmp" "h" "tryInline" "cmpCall" "cmp" "cmpSymbolAssign" "h" "tryInline" "cmpCall" "cmp" "h" "tryInline" "cmpCall" "cmp" "genCode" "cmpfun" "doTryCatch" "tryCatchOne" "tryCatchList" "tryCatch" "compiler:::tryCmpfun" ".rs.availablePackagesState" ".rs.availablePackages" ".rs.discoverPackageDependencies" ".rs.rpc.discover_package_dependencies" 
"file.info" ".rs.availablePackagesState" ".rs.availablePackages" ".rs.discoverPackageDependencies" ".rs.rpc.discover_package_dependencies" 
"readRDS" "withCallingHandlers" "doTryCatch" "tryCatchOne" "tryCatchList" "tryCatch" ".rs.tryCatch" ".rs.onAvailablePackagesReady" "<Anonymous>" 
"readRDS" "withCallingHandlers" "doTryCatch" "tryCatchOne" "tryCatchList" "tryCatch" ".rs.tryCatch" ".rs.onAvailablePackagesReady" "<Anonymous>" 
"readRDS" "withCallingHandlers" "doTryCatch" "tryCatchOne" "tryCatchList" "tryCatch" ".rs.tryCatch" ".rs.onAvailablePackagesReady" "<Anonymous>" 
"readRDS" "withCallingHandlers" "doTryCatch" "tryCatchOne" "tryCatchList" "tryCatch" ".rs.tryCatch" ".rs.onAvailablePackagesReady" "<Anonymous>" 
".Call" ".rs.enqueClientEvent" "<Anonymous>" 
"constantFold" "cmp" "h" "tryInline" "cmpCall" "cmp" "h" "tryInline" "cmpCall" "cmp" "h" "tryInline" "cmpCall" "cmp" "h" "tryInline" "cmpCall" "cmp" "genCode" "cmpfun" "doTryCatch" "tryCatchOne" "tryCatchList" "tryCatch" "compiler:::tryCmpfun" ".rs.parsePackageDependencies" ".rs.discoverPackageDependencies" ".rs.rpc.discover_package_dependencies" 
"cb$putcode" "tryInline" "cmpCall" "cmp" "cmpPrim2" "h" "tryInline" "cmpCall" "cmp" "h" "tryInline" "cmpCall" "cmp" "h" "tryInline" "cmpCall" "cmp" "h" "tryInline" "cmpCall" "cmp" "h" "tryInline" "cmpCall" "cmp" "h" "tryInline" "cmpCall" "cmp" "h" "tryInline" "cmpCall" "cmp" "h" "tryInline" "cmpCall" "cmp" "h" "tryInline" "cmpCall" "cmp" "genCode" "cmpfun" "doTryCatch" "tryCatchOne" "tryCatchList" "tryCatch" "compiler:::tryCmpfun" ".rs.parsePackageDependencies" ".rs.discoverPackageDependencies" ".rs.rpc.discover_package_dependencies" 
"lapply" "FUN" "lapply" "findLocalsList1" "findLocalsList" "funEnv" "make.functionContext" "h" "tryInline" "cmpCall" "cmp" "cmpSymbolAssign" "h" "tryInline" "cmpCall" "cmp" "h" "tryInline" "cmpCall" "cmp" "genCode" "cmpfun" "doTryCatch" "tryCatchOne" "tryCatchList" "tryCatch" "compiler:::tryCmpfun" ".rs.parsePackageDependencies" ".rs.discoverPackageDependencies" ".rs.rpc.discover_package_dependencies" 
"exists" "findCenvVar" "getInlineInfo" "tryInline" "cmpCall" "cmp" "h" "tryInline" "cmpCall" "cmp" "genCode" "h" "tryInline" "cmpCall" "cmp" "cmpSymbolAssign" "h" "tryInline" "cmpCall" "cmp" "h" "tryInline" "cmpCall" "cmp" "genCode" "cmpfun" "doTryCatch" "tryCatchOne" "tryCatchList" "tryCatch" "compiler:::tryCmpfun" ".rs.parsePackageDependencies" ".rs.discoverPackageDependencies" ".rs.rpc.discover_package_dependencies" 
"findCenvVar" "getInlineInfo" "tryInline" "cmpCall" "cmp" "cmpSymbolAssign" "h" "tryInline" "cmpCall" "cmp" "h" "tryInline" "cmpCall" "cmp" "genCode" "h" "tryInline" "cmpCall" "cmp" "cmpSymbolAssign" "h" "tryInline" "cmpCall" "cmp" "h" "tryInline" "cmpCall" "cmp" "genCode" "cmpfun" "doTryCatch" "tryCatchOne" "tryCatchList" "tryCatch" "compiler:::tryCmpfun" ".rs.parsePackageDependencies" ".rs.discoverPackageDependencies" ".rs.rpc.discover_package_dependencies" 
".rs.detachConflicts" 
"ls" "FUN" "lapply" ".rs.objectsOnSearchPath" ".rs.getCompletionsSearchPath" "Reduce" ".rs.rpc.get_completions" 
"ls" "FUN" "lapply" ".rs.objectsOnSearchPath" ".rs.getCompletionsSearchPath" "Reduce" ".rs.rpc.get_completions" 
"lazyLoadDBfetch" "mget" "doTryCatch" "tryCatchOne" "tryCatchList" "tryCatch" ".rs.getHelpFromObject" ".rs.getHelpArgument" ".rs.rpc.get_help" 
"lazyLoadDBfetch" "mget" "doTryCatch" "tryCatchOne" "tryCatchList" "tryCatch" ".rs.getHelpFromObject" ".rs.getHelpArgument" ".rs.rpc.get_help" 
"gzfile" "readRDS" "index.search" "utils::help" "eval" "eval" "doTryCatch" "tryCatchOne" "tryCatchList" "tryCatch" ".rs.getHelp" ".rs.getHelpFromObject" ".rs.getHelpArgument" ".rs.rpc.get_help" 
"psub" "htmlify" "utils:::getSrcByte" "isBlankLineRd" "addParaBreaks" "writeLines" "writeLinesUTF8" "of1" "writeBlock" "writeContent" "writeWrapped" "writeBlock" "writeContent" "writeContent" "writeSection" "Rd2HTML" "tools:::httpd" "withCallingHandlers" "suppressWarnings" ".rs.getHelp" ".rs.getHelpFromObject" ".rs.getHelpArgument" ".rs.rpc.get_help" 
"psub" "addParaBreaks" "writeLines" "writeLinesUTF8" "of1" "writeBlock" "writeContent" "writeContent" "writeSection" "Rd2HTML" "tools:::httpd" "withCallingHandlers" "suppressWarnings" ".rs.getHelp" ".rs.getHelpFromObject" ".rs.getHelpArgument" ".rs.rpc.get_help" 
"grep" "isBlankLineRd" "addParaBreaks" "writeLines" "writeLinesUTF8" "of1" "writeBlock" "writeContent" "writeContent" "writeSection" "Rd2HTML" "tools:::httpd" "withCallingHandlers" "suppressWarnings" ".rs.getHelp" ".rs.getHelpFromObject" ".rs.getHelpArgument" ".rs.rpc.get_help" 
"grepl" "addParaBreaks" "writeLines" "writeLinesUTF8" "of1" "writeBlock" "writeContent" "writeContent" "writeSection" "Rd2HTML" "tools:::httpd" "withCallingHandlers" "suppressWarnings" ".rs.getHelp" ".rs.getHelpFromObject" ".rs.getHelpArgument" ".rs.rpc.get_help" 
"unlist" "simplify2array" "RdTags" "writeContent" "writeWrapped" "writeBlock" "writeContent" "writeContent" "writeSection" "Rd2HTML" "tools:::httpd" "withCallingHandlers" "suppressWarnings" ".rs.getHelp" ".rs.getHelpFromObject" ".rs.getHelpArgument" ".rs.rpc.get_help" 
"RdTags" "writeContent" "writeLR" "writeBlock" "writeContent" "writeContent" "writeSection" "Rd2HTML" "tools:::httpd" "withCallingHandlers" "suppressWarnings" ".rs.getHelp" ".rs.getHelpFromObject" ".rs.getHelpArgument" ".rs.rpc.get_help" 
"writeWrapped" "writeBlock" "writeContent" "writeContent" "writeSection" "Rd2HTML" "tools:::httpd" "withCallingHandlers" "suppressWarnings" ".rs.getHelp" ".rs.getHelpFromObject" ".rs.getHelpArgument" ".rs.rpc.get_help" 
"fsub" "htmlify" "utils:::getSrcByte" "isBlankLineRd" "addParaBreaks" "writeLines" "writeLinesUTF8" "of1" "writeBlock" "writeContent" "writeContent" "writeSection" "Rd2HTML" "tools:::httpd" "withCallingHandlers" "suppressWarnings" ".rs.getHelp" ".rs.getHelpFromObject" ".rs.getHelpArgument" ".rs.rpc.get_help" 
"structure" "grep" "isBlankRd" "writeWrapped" "writeBlock" "writeContent" "writeSection" "Rd2HTML" "tools:::httpd" "withCallingHandlers" "suppressWarnings" ".rs.getHelp" ".rs.getHelpFromObject" ".rs.getHelpArgument" ".rs.rpc.get_help" 
"grep" "isBlankRd" "writeWrapped" "writeBlock" "writeContent" "writeSection" "Rd2HTML" "tools:::httpd" "withCallingHandlers" "suppressWarnings" ".rs.getHelp" ".rs.getHelpFromObject" ".rs.getHelpArgument" ".rs.rpc.get_help" 
"psub" "htmlify" "utils:::getSrcByte" "isBlankLineRd" "addParaBreaks" "writeLines" "writeLinesUTF8" "of1" "writeBlock" "writeContent" "writeLR" "writeBlock" "writeContent" "writeSection" "Rd2HTML" "tools:::httpd" "withCallingHandlers" "suppressWarnings" ".rs.getHelp" ".rs.getHelpFromObject" ".rs.getHelpArgument" ".rs.rpc.get_help" 
"psub" "htmlify" "utils:::getSrcByte" "isBlankLineRd" "addParaBreaks" "writeLines" "writeLinesUTF8" "of1" "writeBlock" "writeContent" "writeWrapped" "writeBlock" "writeContent" "writeSection" "Rd2HTML" "tools:::httpd" "withCallingHandlers" "suppressWarnings" ".rs.getHelp" ".rs.getHelpFromObject" ".rs.getHelpArgument" ".rs.rpc.get_help" 
"tryCatch" ".rs.getHelpFromObject" ".rs.getHelpArgument" ".rs.rpc.get_help" 
"vhtmlify" "writeLines" "writeLinesUTF8" "of1" "writeBlock" "writeContent" "writeSection" "Rd2HTML" "tools:::httpd" "withCallingHandlers" "suppressWarnings" ".rs.getHelp" ".rs.getHelpFromObject" ".rs.getHelpArgument" ".rs.rpc.get_help" 
"grep" "isBlankRd" "writeWrapped" "writeBlock" "writeContent" "writeContent" "writeSection" "Rd2HTML" "tools:::httpd" "withCallingHandlers" "suppressWarnings" ".rs.getHelp" ".rs.getHelpFromObject" ".rs.getHelpArgument" ".rs.rpc.get_help" 
"lengths" "unique" "simplify2array" "RdTags" "writeContent" "writeSection" "Rd2HTML" "tools:::httpd" "withCallingHandlers" "suppressWarnings" ".rs.getHelp" ".rs.getHelpFromObject" ".rs.getHelpArgument" ".rs.rpc.get_help" 
"grep" "isBlankLineRd" "addParaBreaks" "writeLines" "writeLinesUTF8" "of1" "writeBlock" "writeContent" "writeContent" "writeSection" "Rd2HTML" "tools:::httpd" "withCallingHandlers" "suppressWarnings" ".rs.getHelp" ".rs.getHelpFromObject" ".rs.getHelpArgument" ".rs.rpc.get_help" 
"fsub" "vhtmlify" "writeLines" "writeLinesUTF8" "of1" "writeBlock" "writeContent" "writeWrapped" "writeBlock" "writeContent" "writeContent" "writeSection" "Rd2HTML" "tools:::httpd" "withCallingHandlers" "suppressWarnings" ".rs.getHelp" ".rs.getHelpFromObject" ".rs.getHelpArgument" ".rs.rpc.get_help" 
"psub" "addParaBreaks" "writeLines" "writeLinesUTF8" "of1" "writeBlock" "writeContent" "writeSection" "Rd2HTML" "tools:::httpd" "withCallingHandlers" "suppressWarnings" ".rs.getHelp" ".rs.getHelpFromObject" ".rs.getHelpArgument" ".rs.rpc.get_help" 
"grepl" "addParaBreaks" "writeLines" "writeLinesUTF8" "of1" "writeBlock" "writeContent" "writeSection" "Rd2HTML" "tools:::httpd" "withCallingHandlers" "suppressWarnings" ".rs.getHelp" ".rs.getHelpFromObject" ".rs.getHelpArgument" ".rs.rpc.get_help" 
"psub" "htmlify" "utils:::getSrcByte" "isBlankLineRd" "addParaBreaks" "writeLines" "writeLinesUTF8" "of1" "writeBlock" "writeContent" "writeSection" "Rd2HTML" "tools:::httpd" "withCallingHandlers" "suppressWarnings" ".rs.getHelp" ".rs.getHelpFromObject" ".rs.getHelpArgument" ".rs.rpc.get_help" 
"writeLines" "writeLinesUTF8" "of1" "writeBlock" "writeContent" "writeSection" "Rd2HTML" "tools:::httpd" "withCallingHandlers" "suppressWarnings" ".rs.getHelp" ".rs.getHelpFromObject" ".rs.getHelpArgument" ".rs.rpc.get_help" 
"length" "simplify2array" "RdTags" "writeContent" "writeWrapped" "writeBlock" "writeContent" "writeSection" "Rd2HTML" "tools:::httpd" "withCallingHandlers" "suppressWarnings" ".rs.getHelp" ".rs.getHelpFromObject" ".rs.getHelpArgument" ".rs.rpc.get_help" 
"grep" "isBlankLineRd" "addParaBreaks" "writeLines" "writeLinesUTF8" "of1" "writeBlock" "writeContent" "writeSection" "Rd2HTML" "tools:::httpd" "withCallingHandlers" "suppressWarnings" ".rs.getHelp" ".rs.getHelpFromObject" ".rs.getHelpArgument" ".rs.rpc.get_help" 
"unlist" "urlify" "paste0" "writeLink" "writeBlock" "writeContent" "writeWrapped" "writeBlock" "writeContent" "writeSection" "Rd2HTML" "tools:::httpd" "withCallingHandlers" "suppressWarnings" ".rs.getHelp" ".rs.getHelpFromObject" ".rs.getHelpArgument" ".rs.rpc.get_help" 
"psub" "htmlify" "utils:::getSrcByte" "isBlankLineRd" "addParaBreaks" "writeLines" "writeLinesUTF8" "of1" "writeBlock" "writeContent" "writeSection" "Rd2HTML" "tools:::httpd" "withCallingHandlers" "suppressWarnings" ".rs.getHelp" ".rs.getHelpFromObject" ".rs.getHelpArgument" ".rs.rpc.get_help" 
"ls" "FUN" "lapply" ".rs.objectsOnSearchPath" ".rs.getCompletionsSearchPath" "Reduce" ".rs.rpc.get_completions" 
"ls" "FUN" "lapply" ".rs.objectsOnSearchPath" ".rs.getCompletionsSearchPath" "Reduce" ".rs.rpc.get_completions" 
"tolower" "nchar" ".rs.startsWith" ".rs.fuzzyMatches" ".rs.getCompletionsSearchPath" "Reduce" ".rs.rpc.get_completions" 
"ls" "FUN" "lapply" ".rs.objectsOnSearchPath" ".rs.getCompletionsSearchPath" "Reduce" ".rs.rpc.get_completions" 
"ls" "FUN" "lapply" ".rs.objectsOnSearchPath" ".rs.getCompletionsSearchPath" "Reduce" ".rs.rpc.get_completions" 
"ls" "FUN" "lapply" ".rs.objectsOnSearchPath" ".rs.getCompletionsSearchPath" "Reduce" ".rs.rpc.get_completions" 
".rs.setEncodingUnknownToUTF8" ".rs.rpc.get_completions" 
"ls" "FUN" "lapply" ".rs.objectsOnSearchPath" ".rs.getCompletionsSearchPath" "Reduce" ".rs.rpc.get_completions" 
"lazyLoadDBfetch" "get" "doTryCatch" "tryCatchOne" "tryCatchList" "tryCatch" "FUN" "vapply" ".rs.getCompletionsSearchPath" "Reduce" ".rs.rpc.get_completions" 
"ls" "FUN" "lapply" ".rs.objectsOnSearchPath" ".rs.getCompletionsSearchPath" "Reduce" ".rs.rpc.get_completions" 
"ls" "FUN" "lapply" ".rs.objectsOnSearchPath" ".rs.getCompletionsSearchPath" "Reduce" ".rs.rpc.get_completions" 
"ls" "FUN" "lapply" ".rs.objectsOnSearchPath" ".rs.getCompletionsSearchPath" "Reduce" ".rs.rpc.get_completions" 
"ls" "FUN" "lapply" ".rs.objectsOnSearchPath" ".rs.getCompletionsSearchPath" "Reduce" ".rs.rpc.get_completions" 
"tolower" "nchar" ".rs.startsWith" ".rs.fuzzyMatches" ".rs.getCompletionsSearchPath" "Reduce" ".rs.rpc.get_completions" 
"ls" "FUN" "lapply" ".rs.objectsOnSearchPath" ".rs.getCompletionsSearchPath" "Reduce" ".rs.rpc.get_completions" 
"nchar" ".rs.startsWith" ".rs.fuzzyMatches" ".rs.getCompletionsSearchPath" "Reduce" ".rs.rpc.get_completions" 
"ls" "FUN" "lapply" ".rs.objectsOnSearchPath" ".rs.getCompletionsSearchPath" "Reduce" ".rs.rpc.get_completions" 
"nchar" ".rs.startsWith" ".rs.fuzzyMatches" ".rs.getCompletionsSearchPath" "Reduce" ".rs.rpc.get_completions" 
"ls" "FUN" "lapply" ".rs.objectsOnSearchPath" ".rs.getCompletionsSearchPath" "Reduce" ".rs.rpc.get_completions" 
"ls" "FUN" "lapply" ".rs.objectsOnSearchPath" ".rs.getCompletionsSearchPath" "Reduce" ".rs.rpc.get_completions" 
"handleColonCall" "fn" ".rs.recursiveWalk" ".rs.recursiveWalk" ".rs.recursiveWalk" ".rs.parsePackageDependencies" ".rs.discoverPackageDependencies" ".rs.rpc.discover_package_dependencies" 
"utils::getS3method" ".rs.formatDataColumnDispatch" "withCallingHandlers" "doTryCatch" "tryCatchOne" "tryCatchList" "tryCatch" ".rs.tryCatch" ".rs.formatDataColumn" 
"utils::getS3method" ".rs.formatDataColumnDispatch" "withCallingHandlers" "doTryCatch" "tryCatchOne" "tryCatchList" "tryCatch" ".rs.tryCatch" ".rs.formatDataColumn" 
"match.fun" "sapply" ".rs.resolveObjectFromFunctionCall" ".rs.getCompletionsArgument" ".rs.getCompletionsFunction" ".rs.getRCompletions" ".rs.appendCompletions" ".rs.rpc.get_completions" 
"ls" "FUN" "lapply" ".rs.objectsOnSearchPath" ".rs.getCompletionsSearchPath" "Reduce" ".rs.rpc.get_completions" 
"ls" "FUN" "lapply" ".rs.objectsOnSearchPath" ".rs.getCompletionsSearchPath" "Reduce" ".rs.rpc.get_completions" 
"sub" ".rs.doStripSurrounding" ".rs.stripSurrounding" "parse" "doTryCatch" "tryCatchOne" "tryCatchList" "tryCatch" "withCallingHandlers" "quietly" ".rs.getAnywhere" ".rs.rpc.get_completions" 
"ls" "FUN" "lapply" ".rs.objectsOnSearchPath" ".rs.getCompletionsSearchPath" "Reduce" ".rs.rpc.get_completions" 
"ls" "FUN" "lapply" ".rs.objectsOnSearchPath" ".rs.getCompletionsSearchPath" "Reduce" ".rs.rpc.get_completions" 
"tolower" "nchar" ".rs.startsWith" ".rs.fuzzyMatches" ".rs.getCompletionsSearchPath" "Reduce" ".rs.rpc.get_completions" 
"gsub" ".rs.doStripSurrounding" ".rs.stripSurrounding" ".rs.resolveObjectFromFunctionCall" ".rs.getCompletionsArgument" ".rs.getCompletionsFunction" ".rs.getRCompletions" ".rs.appendCompletions" ".rs.rpc.get_completions" 
"ls" "FUN" "lapply" ".rs.objectsOnSearchPath" ".rs.getCompletionsSearchPath" "Reduce" ".rs.rpc.get_completions" 
"gsub" ".rs.fuzzyMatches" ".rs.getCompletionsSearchPath" "Reduce" ".rs.rpc.get_completions" 
"ls" "FUN" "lapply" ".rs.objectsOnSearchPath" ".rs.getCompletionsSearchPath" "Reduce" ".rs.rpc.get_completions" 
"ls" "FUN" "lapply" ".rs.objectsOnSearchPath" ".rs.getCompletionsSearchPath" "Reduce" ".rs.rpc.get_completions" 
"gsub" ".rs.fuzzyMatches" ".rs.getCompletionsSearchPath" "Reduce" ".rs.rpc.get_completions" 
"ls" "FUN" "lapply" ".rs.objectsOnSearchPath" ".rs.getCompletionsSearchPath" "Reduce" ".rs.rpc.get_completions" 
".rs.startsWith" ".rs.fuzzyMatches" ".rs.getCompletionsActiveFrame" "Reduce" ".rs.rpc.get_completions" 
"ls" "FUN" "lapply" ".rs.objectsOnSearchPath" ".rs.getCompletionsSearchPath" "Reduce" ".rs.rpc.get_completions" 
"nchar" ".rs.startsWith" ".rs.fuzzyMatches" ".rs.getCompletionsSearchPath" "Reduce" ".rs.rpc.get_completions" 
"ls" "FUN" "lapply" ".rs.objectsOnSearchPath" ".rs.getCompletionsSearchPath" "Reduce" ".rs.rpc.get_completions" 
"sort.int" "sort.default" "sort" ".rs.getCompletionsPackages" "Reduce" ".rs.rpc.get_completions" 
"objects" ".rs.getHelpFromObject" ".rs.getHelpFunction" ".rs.rpc.get_help" 
"file.exists" "utils:::.getHelpFile" "Rd2HTML" "tools:::httpd" "withCallingHandlers" "suppressWarnings" ".rs.getHelp" ".rs.getHelpFromObject" ".rs.getHelpFunction" ".rs.rpc.get_help" 
"psub" "htmlify" "utils:::getSrcByte" "isBlankLineRd" "addParaBreaks" "writeLines" "writeLinesUTF8" "of1" "writeBlock" "writeContent" "writeContent" "writeSection" "Rd2HTML" "tools:::httpd" "withCallingHandlers" "suppressWarnings" ".rs.getHelp" ".rs.getHelpFromObject" ".rs.getHelpFunction" ".rs.rpc.get_help" 
"psub" "htmlify" "utils:::getSrcByte" "isBlankLineRd" "addParaBreaks" "writeLines" "writeLinesUTF8" "of1" "writeBlock" "writeContent" "writeSection" "Rd2HTML" "tools:::httpd" "withCallingHandlers" "suppressWarnings" ".rs.getHelp" ".rs.getHelpFromObject" ".rs.getHelpFunction" ".rs.rpc.get_help" 
"FUN" "lapply" "RdTags" "writeContent" "writeSection" "Rd2HTML" "tools:::httpd" "withCallingHandlers" "suppressWarnings" ".rs.getHelp" ".rs.getHelpFromObject" ".rs.getHelpFunction" ".rs.rpc.get_help" 
"as.numeric" 
"ls" "FUN" "lapply" ".rs.objectsOnSearchPath" ".rs.getCompletionsSearchPath" "Reduce" ".rs.rpc.get_completions" 
"ls" "FUN" "lapply" ".rs.objectsOnSearchPath" ".rs.getCompletionsSearchPath" "Reduce" ".rs.rpc.get_completions" 
"axis" "plot.histogram" "plot" "hist.default" "hist" 
"list.files" ".rs.discoverPackageDependencies" ".rs.rpc.discover_package_dependencies" 
"ls" "FUN" "lapply" ".rs.objectsOnSearchPath" ".rs.getCompletionsSearchPath" "Reduce" ".rs.rpc.get_completions" 
"handleRequireNamespaceCall" "fn" ".rs.recursiveWalk" ".rs.recursiveWalk" ".rs.recursiveWalk" ".rs.parsePackageDependencies" ".rs.discoverPackageDependencies" ".rs.rpc.discover_package_dependencies" 
"ls" "FUN" "lapply" ".rs.objectsOnSearchPath" ".rs.getCompletionsSearchPath" "Reduce" ".rs.rpc.get_completions" 
"gsub" ".rs.fuzzyMatches" ".rs.getCompletionsSearchPath" "Reduce" ".rs.rpc.get_completions" 
"ls" "FUN" "lapply" ".rs.objectsOnSearchPath" ".rs.getCompletionsSearchPath" "Reduce" ".rs.rpc.get_completions" 
".rs.sortCompletions" ".rs.rpc.get_completions" 
"ls" "FUN" "lapply" ".rs.objectsOnSearchPath" ".rs.getCompletionsSearchPath" "Reduce" ".rs.rpc.get_completions" 
"tolower" "nchar" ".rs.startsWith" ".rs.fuzzyMatches" ".rs.getCompletionsSearchPath" "Reduce" ".rs.rpc.get_completions" 
"ls" "FUN" "lapply" ".rs.objectsOnSearchPath" ".rs.getCompletionsSearchPath" "Reduce" ".rs.rpc.get_completions" 
"gsub" ".rs.fuzzyMatches" ".rs.getCompletionsSearchPath" "Reduce" ".rs.rpc.get_completions" 
"ls" "FUN" "lapply" ".rs.objectsOnSearchPath" ".rs.getCompletionsSearchPath" "Reduce" ".rs.rpc.get_completions" 
".rs.startsWith" ".rs.fuzzyMatches" ".rs.getCompletionsActiveFrame" "Reduce" ".rs.rpc.get_completions" 
"ls" "FUN" "lapply" ".rs.objectsOnSearchPath" ".rs.getCompletionsSearchPath" "Reduce" ".rs.rpc.get_completions" 
"nchar" ".rs.startsWith" ".rs.fuzzyMatches" ".rs.getCompletionsSearchPath" "Reduce" ".rs.rpc.get_completions" 
"ls" "FUN" "lapply" ".rs.objectsOnSearchPath" ".rs.getCompletionsSearchPath" "Reduce" ".rs.rpc.get_completions" 
"order" ".rs.sortCompletions" ".rs.rpc.get_completions" 
"ls" "FUN" "lapply" ".rs.objectsOnSearchPath" ".rs.getCompletionsSearchPath" "Reduce" ".rs.rpc.get_completions" 
"gsub" ".rs.fuzzyMatches" ".rs.getCompletionsSearchPath" "Reduce" ".rs.rpc.get_completions" 
".deparseOpts" "deparse" "paste" ".rs.availablePackages" ".rs.rpc.discover_package_dependencies" 
"gsub" ".rs.fuzzyMatches" ".rs.getCompletionsSearchPath" "Reduce" ".rs.rpc.get_completions" 
"ls" "FUN" "lapply" ".rs.objectsOnSearchPath" ".rs.getCompletionsSearchPath" "Reduce" ".rs.rpc.get_completions" 
"gsub" ".rs.fuzzyMatches" ".rs.getCompletionsSearchPath" "Reduce" ".rs.rpc.get_completions" 
"print.default" "print" "best" 
"ls" "FUN" "lapply" ".rs.objectsOnSearchPath" ".rs.getCompletionsSearchPath" "Reduce" ".rs.rpc.get_completions" 
"ls" "FUN" "lapply" ".rs.objectsOnSearchPath" ".rs.getCompletionsSearchPath" "Reduce" ".rs.rpc.get_completions" 
"gsub" ".rs.fuzzyMatches" ".rs.getCompletionsSearchPath" "Reduce" ".rs.rpc.get_completions" 
"ls" "FUN" "lapply" ".rs.objectsOnSearchPath" ".rs.getCompletionsSearchPath" "Reduce" ".rs.rpc.get_completions" 
"ls" "FUN" "lapply" ".rs.objectsOnSearchPath" ".rs.getCompletionsSearchPath" "Reduce" ".rs.rpc.get_completions" 
"tolower" "nchar" ".rs.startsWith" ".rs.fuzzyMatches" ".rs.getCompletionsSearchPath" "Reduce" ".rs.rpc.get_completions" 
"ls" "FUN" "lapply" ".rs.objectsOnSearchPath" ".rs.getCompletionsSearchPath" "Reduce" ".rs.rpc.get_completions" 
"gsub" ".rs.fuzzyMatches" ".rs.getCompletionsSearchPath" "Reduce" ".rs.rpc.get_completions" 
"ls" "FUN" "lapply" ".rs.objectsOnSearchPath" ".rs.getCompletionsSearchPath" "Reduce" ".rs.rpc.get_completions" 
"vapply" ".rs.getCompletionsSearchPath" "Reduce" ".rs.rpc.get_completions" 
"parse" "doTryCatch" "tryCatchOne" "tryCatchList" "tryCatch" ".rs.rpc.get_completions" 
"gsub" ".rs.fuzzyMatches" ".rs.getCompletionsSearchPath" "Reduce" ".rs.rpc.get_completions" 
"grepl" ".rs.makeCompletions" ".rs.emptyCompletions" ".rs.getRChainCompletions" ".rs.appendCompletions" ".rs.rpc.get_completions" 
"ls" "FUN" "lapply" ".rs.objectsOnSearchPath" ".rs.getCompletionsSearchPath" "Reduce" ".rs.rpc.get_completions" 
"ls" "FUN" "lapply" ".rs.objectsOnSearchPath" ".rs.getCompletionsSearchPath" "Reduce" ".rs.rpc.get_completions" 
"nchar" ".rs.startsWith" ".rs.fuzzyMatches" ".rs.getCompletionsSearchPath" "Reduce" ".rs.rpc.get_completions" 
"ls" "FUN" "lapply" ".rs.objectsOnSearchPath" ".rs.getCompletionsSearchPath" "Reduce" ".rs.rpc.get_completions" 
"ls" "FUN" "lapply" ".rs.objectsOnSearchPath" ".rs.getCompletionsSearchPath" "Reduce" ".rs.rpc.get_completions" 
"ls" "FUN" "lapply" ".rs.objectsOnSearchPath" ".rs.getCompletionsSearchPath" "Reduce" ".rs.rpc.get_completions" 
"ls" "FUN" "lapply" ".rs.objectsOnSearchPath" ".rs.getCompletionsSearchPath" "Reduce" ".rs.rpc.get_completions" 
"sort.int" "sort.default" "sort" ".rs.getCompletionsPackages" "Reduce" ".rs.rpc.get_completions" 
"parse" "doTryCatch" "tryCatchOne" "tryCatchList" "tryCatch" "withCallingHandlers" "quietly" ".rs.getAnywhere" "withCallingHandlers" "doTryCatch" "tryCatchOne" "tryCatchList" "tryCatch" ".rs.tryCatch" ".rs.resolveObjectFromFunctionCall" ".rs.getCompletionsArgument" ".rs.getCompletionsFunction" ".rs.getRCompletions" ".rs.appendCompletions" ".rs.rpc.get_completions" 
"ls" "FUN" "lapply" ".rs.objectsOnSearchPath" ".rs.getCompletionsSearchPath" "Reduce" ".rs.rpc.get_completions" 
"ls" "FUN" "lapply" ".rs.objectsOnSearchPath" ".rs.getCompletionsSearchPath" "Reduce" ".rs.rpc.get_completions" 
"tolower" "nchar" ".rs.startsWith" ".rs.fuzzyMatches" ".rs.getCompletionsSearchPath" "Reduce" ".rs.rpc.get_completions" 
"ls" "FUN" "lapply" ".rs.objectsOnSearchPath" ".rs.getCompletionsSearchPath" "Reduce" ".rs.rpc.get_completions" 
"cat" "str.default" "str" "<Anonymous>" "do.call" "strSub" "str.default" "NextMethod" "str.data.frame" "str" 
"as.vector" "setdiff" "strSub" "str.default" "NextMethod" "str.data.frame" "str" 
"tryCatch" "str.default" "str" "<Anonymous>" "do.call" "strSub" "str.default" "NextMethod" "str.data.frame" "str" 
"cat" "str.default" "NextMethod" "str.data.frame" "str" 
"cat" "str.default" "str" "<Anonymous>" "do.call" "strSub" "str.default" "NextMethod" "str.data.frame" "str" 
"constantFoldCall" "constantFold" "cmp" "h" "tryInline" "cmpCall" "cmp" "genCode" "cmpfun" "doTryCatch" "tryCatchOne" "tryCatchList" "tryCatch" "compiler:::tryCmpfun" ".rs.getCompletionsDollar" ".rs.rpc.get_completions" 
"putconst" "cb$commitlocs" "codeBufCode" "genCode" "cb$putconst" "cmpCallArgs" "cmpCallSymFun" "cmpCall" "cmp" "cmpSymbolAssign" "h" "tryInline" "cmpCall" "cmp" "h" "tryInline" "cmpCall" "cmp" "h" "tryInline" "cmpCall" "cmp" "h" "tryInline" "cmpCall" "cmp" "h" "tryInline" "cmpCall" "cmp" "h" "tryInline" "cmpCall" "cmp" "h" "tryInline" "cmpCall" "cmp" "h" "tryInline" "cmpCall" "cmp" "h" "tryInline" "cmpCall" "cmp" "genCode" "cmpfun" "doTryCatch" "tryCatchOne" "tryCatchList" "tryCatch" "compiler:::tryCmpfun" ".rs.getCompletionsDollar" ".rs.rpc.get_completions" 
"grepl" ".rs.makeCompletions" ".rs.emptyCompletions" ".rs.getCompletionsDollar" ".rs.rpc.get_completions" 
"findCenvVar" "getInlineInfo" "tryInline" "cmpCall" "cmp" "cmpSymbolAssign" "h" "tryInline" "cmpCall" "cmp" "h" "tryInline" "cmpCall" "cmp" "cmpForBody" "h" "tryInline" "cmpCall" "cmp" "h" "tryInline" "cmpCall" "cmp" "genCode" "cmpfun" "doTryCatch" "tryCatchOne" "tryCatchList" "tryCatch" "compiler:::tryCmpfun" ".rs.getDollarNamesMethod" ".rs.getCompletionsDollar" ".rs.rpc.get_completions" 
".rs.formatDataColumnDispatch" "withCallingHandlers" "doTryCatch" "tryCatchOne" "tryCatchList" "tryCatch" ".rs.tryCatch" ".rs.formatDataColumn" 
"utils::getS3method" ".rs.formatDataColumnDispatch" "withCallingHandlers" "doTryCatch" "tryCatchOne" "tryCatchList" "tryCatch" ".rs.tryCatch" ".rs.formatDataColumn" 
"source" 
".make_numeric_version" "numeric_version" "as.numeric_version" "Ops.numeric_version" ".rs.parsePackageDependencies" ".rs.discoverPackageDependencies" ".rs.rpc.discover_package_dependencies" 
"print.default" "print" "best" 
"ls" "FUN" "lapply" ".rs.objectsOnSearchPath" ".rs.getCompletionsSearchPath" "Reduce" ".rs.rpc.get_completions" 
"ls" "FUN" "lapply" ".rs.objectsOnSearchPath" ".rs.getCompletionsSearchPath" "Reduce" ".rs.rpc.get_completions" 
"ls" "FUN" "lapply" ".rs.objectsOnSearchPath" ".rs.getCompletionsSearchPath" "Reduce" ".rs.rpc.get_completions" 
"ls" "FUN" "lapply" ".rs.objectsOnSearchPath" ".rs.getCompletionsSearchPath" "Reduce" ".rs.rpc.get_completions" 
"%in%" ".rs.getHelpFromObject" ".rs.getHelpFunction" ".rs.rpc.get_help" 
"do.call" "doTryCatch" "tryCatchOne" "tryCatchList" "tryCatch" ".rs.getHelpFromObject" ".rs.getHelpFunction" ".rs.rpc.get_help" 
"grep" "isBlankRd" "writeWrapped" "writeBlock" "writeContent" "writeSection" "Rd2HTML" "tools:::httpd" "withCallingHandlers" "suppressWarnings" ".rs.getHelp" ".rs.getHelpFromObject" ".rs.getHelpFunction" ".rs.rpc.get_help" 
"psub" "addParaBreaks" "writeLines" "writeLinesUTF8" "of1" "writeBlock" "writeContent" "writeSection" "Rd2HTML" "tools:::httpd" "withCallingHandlers" "suppressWarnings" ".rs.getHelp" ".rs.getHelpFromObject" ".rs.getHelpFunction" ".rs.rpc.get_help" 
"isFALSE" "enterPara" "writeHref" "writeLink" "writeBlock" "writeContent" "writeWrapped" "writeBlock" "writeContent" "writeSection" "Rd2HTML" "tools:::httpd" "withCallingHandlers" "suppressWarnings" ".rs.getHelp" ".rs.getHelpFromObject" ".rs.getHelpFunction" ".rs.rpc.get_help" 
"ls" "FUN" "lapply" ".rs.objectsOnSearchPath" ".rs.getCompletionsSearchPath" "Reduce" ".rs.rpc.get_completions" 
"ls" "FUN" "lapply" ".rs.objectsOnSearchPath" ".rs.getCompletionsSearchPath" "Reduce" ".rs.rpc.get_completions" 
"ls" "FUN" "lapply" ".rs.objectsOnSearchPath" ".rs.getCompletionsSearchPath" "Reduce" ".rs.rpc.get_completions" 
"grepl" ".rs.makeCompletions" ".rs.getCompletionsPackages" "Reduce" ".rs.rpc.get_completions" 
"ls" "FUN" "lapply" ".rs.objectsOnSearchPath" ".rs.getCompletionsSearchPath" "Reduce" ".rs.rpc.get_completions" 
"getKnownS3generics" "utils::getS3method" ".rs.getDollarNamesMethod" ".rs.getCompletionsDollar" ".rs.rpc.get_completions" 
"ls" "FUN" "lapply" ".rs.objectsOnSearchPath" ".rs.getCompletionsSearchPath" "Reduce" ".rs.rpc.get_completions" 
"unique" ".make_numeric_version" "numeric_version" "as.numeric_version" "Ops.numeric_version" ".rs.parsePackageDependencies" ".rs.discoverPackageDependencies" ".rs.rpc.discover_package_dependencies" 
"gc" "closeAllConnections" "sys.save.image" 
"gc" "closeAllConnections" "sys.save.image" 
"gc" "closeAllConnections" "sys.save.image" 
"gc" "closeAllConnections" "sys.save.image" 
"gc" "closeAllConnections" "sys.save.image" 
"gc" "closeAllConnections" "sys.save.image" 
"gc" "closeAllConnections" "sys.save.image" 
"gc" "closeAllConnections" "sys.save.image" 
"save" "save.image" "sys.save.image" 
"save" "save.image" "sys.save.image" 
"save" "save.image" "sys.save.image" 
"save" "save.image" "sys.save.image" 
"save" "save.image" "sys.save.image" 
"save" "save.image" "sys.save.image" 
"save" "save.image" "sys.save.image" 
"save" "save.image" "sys.save.image" 
"file.rename" "save.image" "sys.save.image" 
"tryCatch" "ls" "lapply" ".rs.saveCachedData" 
"tryCatch" "ls" "lapply" ".rs.saveCachedData" 
"tryCatch" "ls" "lapply" ".rs.saveCachedData" 
"tryCatch" "ls" "lapply" ".rs.saveCachedData" 
"tryCatch" "ls" "lapply" ".rs.saveCachedData" 
"tryCatch" "ls" "lapply" ".rs.saveCachedData" 
"tryCatch" "ls" "lapply" ".rs.saveCachedData" 
"tryCatch" "ls" "lapply" ".rs.saveCachedData" 
"save" "FUN" "lapply" ".rs.saveCachedData" 
"save" "FUN" "lapply" ".rs.saveCachedData" 
"save" "FUN" "lapply" ".rs.saveCachedData" 
"save" "FUN" "lapply" ".rs.saveCachedData" 
"save" "FUN" "lapply" ".rs.saveCachedData" 
"makeRestartList" "withRestarts" ".signalSimpleWarning" "rm" "withCallingHandlers" "suppressWarnings" ".rs.saveCachedData" 
"makeRestartList" "withRestarts" ".signalSimpleWarning" "rm" "withCallingHandlers" "suppressWarnings" ".rs.saveCachedData" 
"makeRestartList" "withRestarts" ".signalSimpleWarning" "rm" "withCallingHandlers" "suppressWarnings" ".rs.saveCachedData" 
"makeRestartList" "withRestarts" ".signalSimpleWarning" "rm" "withCallingHandlers" "suppressWarnings" ".rs.saveCachedData" 
"makeRestartList" "withRestarts" ".signalSimpleWarning" "rm" "withCallingHandlers" "suppressWarnings" ".rs.saveCachedData" 
